<?xml version="1.0" encoding="UTF-8"?>
<testsuite name="com.thoughtworks.spotify.PlayListTest" tests="1" skipped="0" failures="0" errors="0" timestamp="2022-05-04T12:04:41" hostname="sandeepsingh1thoughtworkscoms-MacBook-Pro.local" time="0.018">
  <properties/>
  <testcase name="shouldNotBeAbleToAddSongToThePlaylistIfTheSongAlreadyExists()" classname="com.thoughtworks.spotify.PlayListTest" time="0.018"/>
  <system-out><![CDATA[]]></system-out>
  <system-err><![CDATA[]]></system-err>
</testsuite>
