<?xml version="1.0" encoding="UTF-8"?>
<testsuite name="com.thoughtworks.spotify.UserTest" tests="4" skipped="0" failures="0" errors="0" timestamp="2022-05-10T09:55:52" hostname="sandeepsingh1thoughtworkscoms-MacBook-Pro.local" time="0.028">
  <properties/>
  <testcase name="shouldReturnCountOfSharedPlaylistsAsOneWhenThereIsOneSharedPlaylist()" classname="com.thoughtworks.spotify.UserTest" time="0.021"/>
  <testcase name="shouldBeAbletoAddAPlayList()" classname="com.thoughtworks.spotify.UserTest" time="0.001"/>
  <testcase name="shouldBeAbletoCreateTwoPlaylists()" classname="com.thoughtworks.spotify.UserTest" time="0.001"/>
  <testcase name="shouldBeAbleToShareAPlaylistToAnotherUser()" classname="com.thoughtworks.spotify.UserTest" time="0.001"/>
  <system-out><![CDATA[]]></system-out>
  <system-err><![CDATA[]]></system-err>
</testsuite>
