<?xml version="1.0" encoding="UTF-8"?>
<testsuite name="com.thoughtworks.spotify.UserTest" tests="4" skipped="0" failures="0" errors="0" timestamp="2022-05-07T16:02:17" hostname="sandeepsingh1thoughtworkscoms-MacBook-Pro.local" time="0.023">
  <properties/>
  <testcase name="shouldShowSharedPlaylistsOfTheUser()" classname="com.thoughtworks.spotify.UserTest" time="0.016"/>
  <testcase name="shouldReturnCountOfSharedPlaylistsAsOneWhenThereIsOneSharedPlaylist()" classname="com.thoughtworks.spotify.UserTest" time="0.004"/>
  <testcase name="shouldBeAbletoAddAPlayList()" classname="com.thoughtworks.spotify.UserTest" time="0.0"/>
  <testcase name="shouldBeAbletoCreateTwoPlaylists()" classname="com.thoughtworks.spotify.UserTest" time="0.0"/>
  <system-out><![CDATA[]]></system-out>
  <system-err><![CDATA[]]></system-err>
</testsuite>
