<?xml version="1.0" encoding="UTF-8"?>
<testsuite name="com.thoughtworks.spotify.UserTest" tests="1" skipped="0" failures="0" errors="0" timestamp="2022-05-04T17:14:36" hostname="sandeepsingh1thoughtworkscoms-MacBook-Pro.local" time="0.02">
  <properties/>
  <testcase name="shouldReturnCountOfSharedPlaylistsAsOneWhenThereIsOneSharedPlaylist()" classname="com.thoughtworks.spotify.UserTest" time="0.02"/>
  <system-out><![CDATA[]]></system-out>
  <system-err><![CDATA[]]></system-err>
</testsuite>
