<?xml version="1.0" encoding="UTF-8"?>
<testsuite name="com.thoughtworks.spotify.SpotifyManagerTest" tests="1" skipped="0" failures="0" errors="0" timestamp="2022-05-04T17:38:03" hostname="sandeepsingh1thoughtworkscoms-MacBook-Pro.local" time="0.021">
  <properties/>
  <testcase name="shouldShowOpenPlaylists()" classname="com.thoughtworks.spotify.SpotifyManagerTest" time="0.021"/>
  <system-out><![CDATA[]]></system-out>
  <system-err><![CDATA[]]></system-err>
</testsuite>
