<?xml version="1.0" encoding="UTF-8"?>
<testsuite name="com.thoughtworks.spotify.PlayListTest" tests="1" skipped="0" failures="0" errors="0" timestamp="2022-05-07T15:50:03" hostname="sandeepsingh1thoughtworkscoms-MacBook-Pro.local" time="0.027">
  <properties/>
  <testcase name="shouldReturnInvalidRatingExceptionIfPlaylistIsRatedOutsideRangeOneToFive()" classname="com.thoughtworks.spotify.PlayListTest" time="0.027"/>
  <system-out><![CDATA[]]></system-out>
  <system-err><![CDATA[]]></system-err>
</testsuite>
