<?xml version="1.0" encoding="UTF-8"?>
<testsuite name="com.thoughtworks.spotify.PlayListTest" tests="4" skipped="0" failures="0" errors="0" timestamp="2022-05-04T12:31:57" hostname="sandeepsingh1thoughtworkscoms-MacBook-Pro.local" time="0.022">
  <properties/>
  <testcase name="shouldBeAbleToAddASongToThePlayList()" classname="com.thoughtworks.spotify.PlayListTest" time="0.016"/>
  <testcase name="shouldNotBeAbleToAddSongToThePlaylistIfTheSongAlreadyExists()" classname="com.thoughtworks.spotify.PlayListTest" time="0.003"/>
  <testcase name="shouldNotBeAbleToRemoveASongFromThePlaylistWhenItDoesNotExistInThePlayList()" classname="com.thoughtworks.spotify.PlayListTest" time="0.001"/>
  <testcase name="shouldBeAbleToRemoveAnExistingSongFromThePlayList()" classname="com.thoughtworks.spotify.PlayListTest" time="0.0"/>
  <system-out><![CDATA[]]></system-out>
  <system-err><![CDATA[]]></system-err>
</testsuite>
