<?xml version="1.0" encoding="UTF-8"?>
<testsuite name="com.thoughtworks.spotify.SpotifyManagerTest" tests="1" skipped="0" failures="0" errors="0" timestamp="2022-05-04T16:30:02" hostname="sandeepsingh1thoughtworkscoms-MacBook-Pro.local" time="0.03">
  <properties/>
  <testcase name="shouldBeAbleToAddUser()" classname="com.thoughtworks.spotify.SpotifyManagerTest" time="0.03"/>
  <system-out><![CDATA[]]></system-out>
  <system-err><![CDATA[]]></system-err>
</testsuite>
